\BOOKMARK [1][-]{section.1}{Introduction}{}% 1
\BOOKMARK [1][-]{section.2}{Preliminaries}{}% 2
\BOOKMARK [2][-]{subsection.2.1}{Problem\040Setting}{section.2}% 3
\BOOKMARK [2][-]{subsection.2.2}{Notations}{section.2}% 4
\BOOKMARK [2][-]{subsection.2.3}{Definitions\040and\040Assumptions}{section.2}% 5
\BOOKMARK [1][-]{section.3}{Manifold\040Sampling}{}% 6
\BOOKMARK [2][-]{subsection.3.1}{Major\040Components}{section.3}% 7
\BOOKMARK [3][-]{subsubsection.3.1.1}{Derivative\040Free\040Model}{subsection.3.1}% 8
\BOOKMARK [3][-]{subsubsection.3.1.2}{Master\040Model}{subsection.3.1}% 9
\BOOKMARK [3][-]{subsubsection.3.1.3}{Sufficient\040Decrease\040Condition}{subsection.3.1}% 10
\BOOKMARK [3][-]{subsubsection.3.1.4}{Manifold\040Sampling\040Loop}{subsection.3.1}% 11
\BOOKMARK [3][-]{subsubsection.3.1.5}{Test}{subsection.3.1}% 12
\BOOKMARK [2][-]{subsection.3.2}{Algorithm}{section.3}% 13
\BOOKMARK [2][-]{subsection.3.3}{Some\040Statement}{section.3}% 14
\BOOKMARK [1][-]{section.4}{Theoretical\040Guarantees}{}% 15
\BOOKMARK [1][-]{section.5}{Simulations}{}% 16
\BOOKMARK [2][-]{subsection.5.1}{L1\040Norm}{section.5}% 17
\BOOKMARK [2][-]{subsection.5.2}{Benchmark\040Problem\040Set}{section.5}% 18
\BOOKMARK [2][-]{subsection.5.3}{Nonconvexity}{section.5}% 19
\BOOKMARK [1][-]{section.6}{Empirical\040Study}{}% 20
\BOOKMARK [1][-]{appendix.A}{Code}{}% 21
\BOOKMARK [1][-]{appendix.B}{Test\040Performance}{}% 22
\BOOKMARK [1][-]{appendix.C}{Benchmark\040Problem\040Set}{}% 23
