\BOOKMARK [0][-]{cover.0}{\376\377\116\055\145\207\134\001\227\142}{}% 1
\BOOKMARK [0][-]{abstract.0}{\376\377\116\055\145\207\144\130\211\201}{}% 2
\BOOKMARK [0][-]{englishabstract.0}{\376\377\202\361\145\207\144\130\211\201}{}% 3
\BOOKMARK [0][-]{chapter.1}{\376\377\0001\000\040\176\352\213\272}{}% 4
\BOOKMARK [1][-]{section.1.1}{\376\377\0001\000\040\000.\000\040\0001\000\040\170\024\172\166\200\314\146\157}{chapter.1}% 5
\BOOKMARK [1][-]{section.1.2}{\376\377\0001\000\040\000.\000\040\0002\000\040\166\370\121\163\135\345\117\134}{chapter.1}% 6
\BOOKMARK [1][-]{section.1.3}{\376\377\0001\000\040\000.\000\040\0003\000\040\147\054\145\207\116\073\211\201\135\345\117\134}{chapter.1}% 7
\BOOKMARK [1][-]{section.1.4}{\376\377\0001\000\040\000.\000\040\0004\000\040\147\054\145\207\176\323\147\204}{chapter.1}% 8
\BOOKMARK [0][-]{chapter.2}{\376\377\0002\000\040\173\227\154\325\151\202\217\360}{}% 9
\BOOKMARK [1][-]{section.2.1}{\376\377\0002\000\040\000.\000\040\0001\000\040\170\024\172\166\225\356\230\230}{chapter.2}% 10
\BOOKMARK [1][-]{section.2.2}{\376\377\0002\000\040\000.\000\040\0002\000\040\213\260\123\367}{chapter.2}% 11
\BOOKMARK [1][-]{section.2.3}{\376\377\0002\000\040\000.\000\040\0003\000\040\133\232\116\111\116\016\120\107\213\276}{chapter.2}% 12
\BOOKMARK [1][-]{section.2.4}{\376\377\0002\000\040\000.\000\040\0004\000\040\173\227\154\325\140\035\215\357}{chapter.2}% 13
\BOOKMARK [1][-]{section.2.5}{\376\377\0002\000\040\000.\000\040\0005\000\040\173\227\154\325\176\304\142\020}{chapter.2}% 14
\BOOKMARK [2][-]{subsection.2.5.1}{\376\377\0002\000\040\000.\000\040\0005\000\040\000.\000\040\0001\000\040\145\340\133\374\145\160\152\041\127\213}{section.2.5}% 15
\BOOKMARK [2][-]{subsection.2.5.2}{\376\377\0002\000\040\000.\000\040\0005\000\040\000.\000\040\0002\000\040\116\073\152\041\127\213}{section.2.5}% 16
\BOOKMARK [2][-]{subsection.2.5.3}{\376\377\0002\000\040\000.\000\040\0005\000\040\000.\000\040\0003\000\040\121\105\122\006\116\013\226\115\147\141\116\366}{section.2.5}% 17
\BOOKMARK [2][-]{subsection.2.5.4}{\376\377\0002\000\040\000.\000\040\0005\000\040\000.\000\040\0004\000\040\155\101\137\142\221\307\150\067\137\252\163\257}{section.2.5}% 18
\BOOKMARK [2][-]{subsection.2.5.5}{\376\377\0002\000\040\000.\000\040\0005\000\040\000.\000\040\0005\000\040\150\300\232\214}{section.2.5}% 19
\BOOKMARK [1][-]{section.2.6}{\376\377\0002\000\040\000.\000\040\0006\000\040\117\052\116\343\170\001}{chapter.2}% 20
\BOOKMARK [1][-]{section.2.7}{\376\377\0002\000\040\000.\000\040\0007\000\040\221\315\211\201\116\213\133\236}{chapter.2}% 21
\BOOKMARK [0][-]{chapter.3}{\376\377\0003\000\040\164\006\213\272\117\335\226\234}{}% 22
\BOOKMARK [1][-]{section.3.1}{\376\377\0003\000\040\000.\000\040\0001\000\040\121\306\131\007\135\345\117\134}{chapter.3}% 23
\BOOKMARK [1][-]{section.3.2}{\376\377\0003\000\040\000.\000\040\0002\000\040\145\066\145\133\140\047}{chapter.3}% 24
\BOOKMARK [0][-]{chapter.4}{\376\377\0004\000\040\116\377\167\037\133\236\232\214}{}% 25
\BOOKMARK [1][-]{section.4.1}{\376\377\0004\000\040\000.\000\040\0001\000\040\000L\0001\203\003\145\160}{chapter.4}% 26
\BOOKMARK [1][-]{section.4.2}{\376\377\0004\000\040\000.\000\040\0002\000\040\127\372\121\306\155\113\213\325\226\306}{chapter.4}% 27
\BOOKMARK [1][-]{section.4.3}{\376\377\0004\000\040\000.\000\040\0003\000\040\227\136\121\370\140\047}{chapter.4}% 28
\BOOKMARK [1][-]{section.4.4}{\376\377\0004\000\040\000.\000\040\0004\000\040\133\236\213\301\170\024\172\166}{chapter.4}% 29
\BOOKMARK [0][-]{chapter.5}{\376\377\0005\000\040\140\073\176\323\116\016\134\125\147\033}{}% 30
\BOOKMARK [0][-]{chapter*.10}{\376\377\123\302\200\003\145\207\163\056}{}% 31
\BOOKMARK [0][-]{chapter*.11}{\376\377\201\364\000\040\214\042}{}% 32
\BOOKMARK [0][-]{appendix.A}{\376\377\000A\000\040\147\120\145\231}{}% 33
\BOOKMARK [1][-]{section.A.1}{\376\377\000A\000\040\000.\000\040\0001\000\040\116\343\170\001}{appendix.A}% 34
\BOOKMARK [1][-]{section.A.2}{\376\377\000A\000\040\000.\000\040\0002\000\040\155\113\213\325\176\323\147\234}{appendix.A}% 35
\BOOKMARK [1][-]{section.A.3}{\376\377\000A\000\040\000.\000\040\0003\000\040\127\372\121\306\145\160\143\156\226\306}{appendix.A}% 36
